[     258ms] [ERROR] Failed to load resource: the server responded with a status of 401 () @ https://mi-saas-kh92v5ocl-lisagomezs-projects.vercel.app/:0
[    1041ms] [LOG] %c
▲

    ____                               _ __
   / __ \________  ____ _____ ___     (_) /_
  / / / / ___/ _ \/ __ `/ __ `__ \   / / __/
 / /_/ / /  /  __/ /_/ / / / / / /  / / /__
/_____/_/   \___/\__,_/_/ /_/ /_/  /_/\__( )
   _____ __    _          _ __           |/
  / ___// /_  (_)___     (_) /_
  \__ \/ __ \/ / __ \   / / __/
 ___/ / / / / / /_/ /  / / /_
/____/_/ /_/_/ .___/  /_/\__/
            /_/
  

Hello!

- Open Source https://vercel.com/oss
- Careers https://vercel.com/careers
- Status https://vercel-status.com

 font-family: "Geist Mono", monospace; white-space: pre; line-height: 1; @ https://vercel.com/_next/static/chunks/0vbtrf2w.p2xt.js?dpl=dpl_H1CCY7G9zhKxhvPMjgW5cTsATeQv:72
[    1423ms] [WARNING] [GSI_LOGGER]: Your client application uses one of the Google One Tap prompt UI status methods that may stop functioning when FedCM becomes mandatory. Refer to the migration guide to update your code accordingly and opt-in to FedCM to test your changes. Learn more: https://developers.google.com/identity/gsi/web/guides/fedcm-migration?s=dc#display_moment and https://developers.google.com/identity/gsi/web/guides/fedcm-migration?s=dc#skipped_moment @ https://accounts.google.com/gsi/client:80
[    1427ms] [ERROR] Failed to load resource: the server responded with a status of 403 () @ https://vercel.com/api/jwt:0
[    1438ms] [ERROR] Not signed in with the identity provider. @ https://vercel.com/login?next=%2Fsso-api%3Furl%3Dhttps%253A%252F%252Fmi-saas-kh92v5ocl-lisagomezs-projects.vercel.app%252F%26nonce%3D5268c919377229d7687a2f07d7e5ab174c5bd138c4c237b58b81bfc05b818f65:0
[    1598ms] [WARNING] Deprecated API for given entry type. @ https://vercel.com/_next/static/chunks/020ee9pvbjvvl.js?dpl=dpl_H1CCY7G9zhKxhvPMjgW5cTsATeQv:18
[    3253ms] [ERROR] [GSI_LOGGER]: FedCM get() rejects with NetworkError: Error retrieving a token. @ https://vercel.com/_next/static/chunks/0jtpjj7cn8lm~.js?dpl=dpl_H1CCY7G9zhKxhvPMjgW5cTsATeQv:2
[    3302ms] [ERROR] Failed to load resource: the server responded with a status of 429 () @ https://o205439.ingest.sentry.io/api/1323670/envelope/?sentry_key=d00780d432ac4ccf882f60dd02062e14&sentry_version=7&sentry_client=sentry.javascript.browser%2F7.111.0:0
[    6353ms] [WARNING] The resource https://vercel.com/_next/static/media/ebay-light.0.zq80asej6~e.svg?dpl=dpl_H1CCY7G9zhKxhvPMjgW5cTsATeQv was preloaded using link preload but not used within a few seconds from the window's load event. Please make sure it has an appropriate `as` value and it is preloaded intentionally. @ https://vercel.com/login?next=%2Fsso-api%3Furl%3Dhttps%253A%252F%252Fmi-saas-kh92v5ocl-lisagomezs-projects.vercel.app%252F%26nonce%3D5268c919377229d7687a2f07d7e5ab174c5bd138c4c237b58b81bfc05b818f65:0
[    6353ms] [WARNING] The resource https://vercel.com/_next/static/media/stripe-dark.0dt0ok4u3unh4.svg?dpl=dpl_H1CCY7G9zhKxhvPMjgW5cTsATeQv was preloaded using link preload but not used within a few seconds from the window's load event. Please make sure it has an appropriate `as` value and it is preloaded intentionally. @ https://vercel.com/login?next=%2Fsso-api%3Furl%3Dhttps%253A%252F%252Fmi-saas-kh92v5ocl-lisagomezs-projects.vercel.app%252F%26nonce%3D5268c919377229d7687a2f07d7e5ab174c5bd138c4c237b58b81bfc05b818f65:0
[    6353ms] [WARNING] The resource https://vercel.com/_next/static/media/ebay-dark.0_h.rq4h81wly.svg?dpl=dpl_H1CCY7G9zhKxhvPMjgW5cTsATeQv was preloaded using link preload but not used within a few seconds from the window's load event. Please make sure it has an appropriate `as` value and it is preloaded intentionally. @ https://vercel.com/login?next=%2Fsso-api%3Furl%3Dhttps%253A%252F%252Fmi-saas-kh92v5ocl-lisagomezs-projects.vercel.app%252F%26nonce%3D5268c919377229d7687a2f07d7e5ab174c5bd138c4c237b58b81bfc05b818f65:0
[    6353ms] [WARNING] The resource https://vercel.com/_next/static/media/adobe-light.16u.6rcfr9g6l.svg?dpl=dpl_H1CCY7G9zhKxhvPMjgW5cTsATeQv was preloaded using link preload but not used within a few seconds from the window's load event. Please make sure it has an appropriate `as` value and it is preloaded intentionally. @ https://vercel.com/login?next=%2Fsso-api%3Furl%3Dhttps%253A%252F%252Fmi-saas-kh92v5ocl-lisagomezs-projects.vercel.app%252F%26nonce%3D5268c919377229d7687a2f07d7e5ab174c5bd138c4c237b58b81bfc05b818f65:0
[    6353ms] [WARNING] The resource https://vercel.com/_next/static/chunks/0rhi7_9o7-sa-.css?dpl=dpl_H1CCY7G9zhKxhvPMjgW5cTsATeQv was preloaded using link preload but not used within a few seconds from the window's load event. Please make sure it has an appropriate `as` value and it is preloaded intentionally. @ https://vercel.com/login?next=%2Fsso-api%3Furl%3Dhttps%253A%252F%252Fmi-saas-kh92v5ocl-lisagomezs-projects.vercel.app%252F%26nonce%3D5268c919377229d7687a2f07d7e5ab174c5bd138c4c237b58b81bfc05b818f65:0
[    6353ms] [WARNING] The resource https://vercel.com/_next/static/media/stripe-light.0u487ky2~r_zm.svg?dpl=dpl_H1CCY7G9zhKxhvPMjgW5cTsATeQv was preloaded using link preload but not used within a few seconds from the window's load event. Please make sure it has an appropriate `as` value and it is preloaded intentionally. @ https://vercel.com/login?next=%2Fsso-api%3Furl%3Dhttps%253A%252F%252Fmi-saas-kh92v5ocl-lisagomezs-projects.vercel.app%252F%26nonce%3D5268c919377229d7687a2f07d7e5ab174c5bd138c4c237b58b81bfc05b818f65:0
