[    2639ms] [INFO] %cDownload the React DevTools for a better development experience: https://react.dev/link/react-devtools font-weight:bold @ http://localhost:3000/_next/static/chunks/node_modules_next_dist_f3530cac._.js:2297
[    2677ms] [LOG] [HMR] connected @ http://localhost:3000/_next/static/chunks/node_modules_next_dist_f3530cac._.js:2297
[    2705ms] [WARNING] <meta name="apple-mobile-web-app-capable" content="yes"> is deprecated. Please include <meta name="mobile-web-app-capable" content="yes"> @ http://localhost:3000/dashboard:0
[    2748ms] [ERROR] Failed to load resource: the server responded with a status of 404 (Not Found) @ http://localhost:3000/icons/icon-144.png:0
[    2755ms] [WARNING] Error while trying to use the following icon from the Manifest: http://localhost:3000/icons/icon-144.png (Download error or resource isn't a valid image) @ http://localhost:3000/dashboard:0
[  277514ms] [LOG] [Fast Refresh] rebuilding @ http://localhost:3000/_next/static/chunks/node_modules_next_dist_f3530cac._.js:2297
[  277798ms] [LOG] [Fast Refresh] done in 20ms @ http://localhost:3000/_next/static/chunks/node_modules_next_dist_f3530cac._.js:2297
[  293592ms] [ERROR] WebSocket connection to 'ws://localhost:3000/_next/webpack-hmr?id=nQlbWzqhZneZ5ExRLoxgU' failed: Error in connection establishment: net::ERR_CONNECTION_REFUSED @ http://localhost:3000/_next/static/chunks/node_modules_next_dist_client_17643121._.js:10878
[  294594ms] [ERROR] WebSocket connection to 'ws://localhost:3000/_next/webpack-hmr?id=nQlbWzqhZneZ5ExRLoxgU' failed: Error in connection establishment: net::ERR_CONNECTION_REFUSED @ http://localhost:3000/_next/static/chunks/node_modules_next_dist_client_17643121._.js:10878
[  295596ms] [ERROR] WebSocket connection to 'ws://localhost:3000/_next/webpack-hmr?id=nQlbWzqhZneZ5ExRLoxgU' failed: Error in connection establishment: net::ERR_CONNECTION_REFUSED @ http://localhost:3000/_next/static/chunks/node_modules_next_dist_client_17643121._.js:10878
[  296597ms] [ERROR] WebSocket connection to 'ws://localhost:3000/_next/webpack-hmr?id=nQlbWzqhZneZ5ExRLoxgU' failed: Error in connection establishment: net::ERR_CONNECTION_REFUSED @ http://localhost:3000/_next/static/chunks/node_modules_next_dist_client_17643121._.js:10878
[  297600ms] [ERROR] WebSocket connection to 'ws://localhost:3000/_next/webpack-hmr?id=nQlbWzqhZneZ5ExRLoxgU' failed: Error in connection establishment: net::ERR_CONNECTION_REFUSED @ http://localhost:3000/_next/static/chunks/node_modules_next_dist_client_17643121._.js:10878
[  302608ms] [ERROR] WebSocket connection to 'ws://localhost:3000/_next/webpack-hmr?id=nQlbWzqhZneZ5ExRLoxgU' failed: Error in connection establishment: net::ERR_CONNECTION_REFUSED @ http://localhost:3000/_next/static/chunks/node_modules_next_dist_client_17643121._.js:10878
[  307616ms] [ERROR] WebSocket connection to 'ws://localhost:3000/_next/webpack-hmr?id=nQlbWzqhZneZ5ExRLoxgU' failed: Error in connection establishment: net::ERR_CONNECTION_REFUSED @ http://localhost:3000/_next/static/chunks/node_modules_next_dist_client_17643121._.js:10878
[  312635ms] [ERROR] WebSocket connection to 'ws://localhost:3000/_next/webpack-hmr?id=nQlbWzqhZneZ5ExRLoxgU' failed: Error in connection establishment: net::ERR_CONNECTION_REFUSED @ http://localhost:3000/_next/static/chunks/node_modules_next_dist_client_17643121._.js:10878
[  317648ms] [ERROR] WebSocket connection to 'ws://localhost:3000/_next/webpack-hmr?id=nQlbWzqhZneZ5ExRLoxgU' failed: Error in connection establishment: net::ERR_CONNECTION_REFUSED @ http://localhost:3000/_next/static/chunks/node_modules_next_dist_client_17643121._.js:10878
[  322704ms] [ERROR] WebSocket connection to 'ws://localhost:3000/_next/webpack-hmr?id=nQlbWzqhZneZ5ExRLoxgU' failed: Error in connection establishment: net::ERR_CONNECTION_REFUSED @ http://localhost:3000/_next/static/chunks/node_modules_next_dist_client_17643121._.js:10878
[  327766ms] [ERROR] WebSocket connection to 'ws://localhost:3000/_next/webpack-hmr?id=nQlbWzqhZneZ5ExRLoxgU' failed: Error in connection establishment: net::ERR_CONNECTION_REFUSED @ http://localhost:3000/_next/static/chunks/node_modules_next_dist_client_17643121._.js:10878
[  332952ms] [ERROR] WebSocket connection to 'ws://localhost:3000/_next/webpack-hmr?id=nQlbWzqhZneZ5ExRLoxgU' failed: Error in connection establishment: net::ERR_CONNECTION_REFUSED @ http://localhost:3000/_next/static/chunks/node_modules_next_dist_client_17643121._.js:10878
[  374456ms] [INFO] %cDownload the React DevTools for a better development experience: https://react.dev/link/react-devtools font-weight:bold @ http://localhost:3000/_next/static/chunks/node_modules_next_dist_f3530cac._.js:2297
[  374550ms] [LOG] [HMR] connected @ http://localhost:3000/_next/static/chunks/node_modules_next_dist_f3530cac._.js:2297
[  374575ms] [WARNING] <meta name="apple-mobile-web-app-capable" content="yes"> is deprecated. Please include <meta name="mobile-web-app-capable" content="yes"> @ http://localhost:3000/dashboard:0
[  374699ms] [ERROR] Failed to load resource: the server responded with a status of 404 (Not Found) @ http://localhost:3000/icons/icon-144.png:0
[  374703ms] [WARNING] Error while trying to use the following icon from the Manifest: http://localhost:3000/icons/icon-144.png (Download error or resource isn't a valid image) @ http://localhost:3000/dashboard:0
